<?xml version="1.0" encoding="UTF-8"?>
<!-- Generated by org.testng.reporters.JUnitXMLReporter -->
<testsuite ignored="0" hostname="Sakshi" failures="0" tests="10" name="LoginTests_Chrome" time="23.845" errors="0" timestamp="2025-09-08T16:00:04 IST">
  <testcase classname="tests.CartTest" name="testAddProductToCart" time="0.414"/>
  <testcase classname="tests.NegativeTest" name="testCheckoutWithEmptyCart" time="0.245"/>
  <testcase classname="tests.ProductTest" name="testAddProductToCart" time="0.265"/>
  <testcase classname="tests.CheckoutTest" name="testNavigateToCheckoutPage" time="0.573"/>
  <testcase classname="tests.NavigationUITest" name="testVerifyBurgerMenuPresence" time="0.242"/>
  <testcase classname="tests.LoginTest" name="validLoginTest" time="0.541"/>
  <testcase classname="tests.LoginTest" name="invalidLoginTest" time="0.815"/>
  <testcase classname="tests.CheckoutTest" name="testCheckoutWithValidInformation" time="0.407"/>
  <testcase classname="tests.ProductTest" name="testClickOnProductDetails" time="0.4"/>
  <testcase classname="tests.LoginTest" name="logoutTest" time="1.317"/>
</testsuite> <!-- LoginTests_Chrome -->
