<?xml version="1.0" encoding="UTF-8"?>
<!-- Generated by org.testng.reporters.JUnitXMLReporter -->
<testsuite ignored="0" hostname="Sakshi" failures="0" tests="7" name="LoginTests_Edge" time="1.734" errors="0" timestamp="2025-09-04T14:48:48 IST">
  <testcase classname="tests.LoginTest" name="loginStandardUser" time="0.001">
    <skipped/>
  </testcase> <!-- loginStandardUser -->
  <testcase classname="tests.LoginTest" name="loginLockedOutUser" time="0.0">
    <skipped/>
  </testcase> <!-- loginLockedOutUser -->
  <testcase classname="tests.LoginTest" name="loginProblemUser" time="0.0">
    <skipped/>
  </testcase> <!-- loginProblemUser -->
  <testcase classname="tests.LoginTest" name="loginPerformanceGlitchUser" time="0.001">
    <skipped/>
  </testcase> <!-- loginPerformanceGlitchUser -->
  <testcase classname="tests.LoginTest" name="loginInvalidUser" time="0.0">
    <skipped/>
  </testcase> <!-- loginInvalidUser -->
  <testcase classname="tests.LoginTest" name="loginEmptyUsername" time="0.002">
    <skipped/>
  </testcase> <!-- loginEmptyUsername -->
  <testcase classname="tests.LoginTest" name="loginEmptyPassword" time="0.0">
    <skipped/>
  </testcase> <!-- loginEmptyPassword -->
</testsuite> <!-- LoginTests_Edge -->
