<?xml version="1.0" encoding="UTF-8"?>
<!-- Generated by org.testng.reporters.JUnitXMLReporter -->
<testsuite ignored="0" hostname="Sakshi" failures="0" tests="7" name="LoginTests_Chrome" time="17.996" errors="0" timestamp="2025-09-07T22:10:39 IST">
  <testcase classname="tests.CartTest" name="testAddProductToCart" time="1.314"/>
  <testcase classname="tests.NegativeTest" name="testCheckoutWithEmptyCart" time="0.269"/>
  <testcase classname="tests.ProductTest" name="testAddProductToCart" time="1.221"/>
  <testcase classname="tests.CheckoutTest" name="testNavigateToCheckoutPage" time="0.564"/>
  <testcase classname="tests.NavigationUITest" name="testVerifyBurgerMenuPresence" time="0.237"/>
  <testcase classname="tests.CheckoutTest" name="testCheckoutWithValidInformation" time="0.538"/>
  <testcase classname="tests.ProductTest" name="testClickOnProductDetails" time="2.184"/>
</testsuite> <!-- LoginTests_Chrome -->
