<?xml version="1.0" encoding="UTF-8"?>
<testng-results ignored="0" total="7" passed="7" failed="0" skipped="0">
  <reporter-output>
  </reporter-output>
  <suite started-at="2025-09-07T22:10:21 IST" name="SwagLabs Automation Suite" finished-at="2025-09-07T22:10:39 IST" duration-ms="17996">
    <groups>
    </groups>
    <test started-at="2025-09-07T22:10:21 IST" name="LoginTests_Chrome" finished-at="2025-09-07T22:10:39 IST" duration-ms="17996">
      <class name="tests.NavigationUITest">
        <test-method is-config="true" signature="setup()[pri:0, instance:tests.NavigationUITest@57db2b13]" started-at="2025-09-07T22:10:32 IST" name="setup" finished-at="2025-09-07T22:10:34 IST" duration-ms="1725" status="PASS">
          <reporter-output>
          </reporter-output>
        </test-method> <!-- setup -->
        <test-method signature="testVerifyBurgerMenuPresence()[pri:1, instance:tests.NavigationUITest@57db2b13]" started-at="2025-09-07T22:10:34 IST" name="testVerifyBurgerMenuPresence" finished-at="2025-09-07T22:10:34 IST" duration-ms="237" status="PASS">
          <reporter-output>
          </reporter-output>
        </test-method> <!-- testVerifyBurgerMenuPresence -->
        <test-method is-config="true" signature="teardown()[pri:0, instance:tests.NavigationUITest@57db2b13]" started-at="2025-09-07T22:10:34 IST" name="teardown" finished-at="2025-09-07T22:10:34 IST" duration-ms="190" status="PASS">
          <reporter-output>
          </reporter-output>
        </test-method> <!-- teardown -->
      </class> <!-- tests.NavigationUITest -->
      <class name="tests.CartTest">
        <test-method is-config="true" signature="startReport()[pri:0, instance:tests.CartTest@7eecb5b8]" started-at="2025-09-07T22:10:21 IST" name="startReport" finished-at="2025-09-07T22:10:21 IST" duration-ms="220" status="PASS">
          <reporter-output>
          </reporter-output>
        </test-method> <!-- startReport -->
        <test-method is-config="true" signature="setup()[pri:0, instance:tests.CartTest@7eecb5b8]" started-at="2025-09-07T22:10:21 IST" name="setup" finished-at="2025-09-07T22:10:23 IST" duration-ms="2336" status="PASS">
          <reporter-output>
          </reporter-output>
        </test-method> <!-- setup -->
        <test-method signature="testAddProductToCart()[pri:0, instance:tests.CartTest@7eecb5b8]" started-at="2025-09-07T22:10:23 IST" name="testAddProductToCart" finished-at="2025-09-07T22:10:24 IST" duration-ms="1314" status="PASS">
          <reporter-output>
          </reporter-output>
        </test-method> <!-- testAddProductToCart -->
        <test-method is-config="true" signature="tearDown()[pri:0, instance:tests.CartTest@7eecb5b8]" started-at="2025-09-07T22:10:24 IST" name="tearDown" finished-at="2025-09-07T22:10:25 IST" duration-ms="206" status="PASS">
          <reporter-output>
          </reporter-output>
        </test-method> <!-- tearDown -->
        <test-method is-config="true" signature="endReport()[pri:0, instance:tests.CartTest@7eecb5b8]" started-at="2025-09-07T22:10:39 IST" name="endReport" finished-at="2025-09-07T22:10:39 IST" duration-ms="13" status="PASS">
          <reporter-output>
          </reporter-output>
        </test-method> <!-- endReport -->
      </class> <!-- tests.CartTest -->
      <class name="tests.ProductTest">
        <test-method is-config="true" signature="setup()[pri:0, instance:tests.ProductTest@3de8f619]" started-at="2025-09-07T22:10:27 IST" name="setup" finished-at="2025-09-07T22:10:29 IST" duration-ms="1569" status="PASS">
          <reporter-output>
          </reporter-output>
        </test-method> <!-- setup -->
        <test-method signature="testAddProductToCart()[pri:1, instance:tests.ProductTest@3de8f619]" started-at="2025-09-07T22:10:29 IST" name="testAddProductToCart" finished-at="2025-09-07T22:10:30 IST" duration-ms="1221" status="PASS">
          <reporter-output>
          </reporter-output>
        </test-method> <!-- testAddProductToCart -->
        <test-method is-config="true" signature="tearDown()[pri:0, instance:tests.ProductTest@3de8f619]" started-at="2025-09-07T22:10:30 IST" name="tearDown" finished-at="2025-09-07T22:10:30 IST" duration-ms="157" status="PASS">
          <reporter-output>
          </reporter-output>
        </test-method> <!-- tearDown -->
        <test-method is-config="true" signature="setup()[pri:0, instance:tests.ProductTest@3de8f619]" started-at="2025-09-07T22:10:35 IST" name="setup" finished-at="2025-09-07T22:10:36 IST" duration-ms="1650" status="PASS">
          <reporter-output>
          </reporter-output>
        </test-method> <!-- setup -->
        <test-method signature="testClickOnProductDetails()[pri:2, instance:tests.ProductTest@3de8f619]" started-at="2025-09-07T22:10:36 IST" name="testClickOnProductDetails" finished-at="2025-09-07T22:10:38 IST" duration-ms="2184" status="PASS">
          <reporter-output>
          </reporter-output>
        </test-method> <!-- testClickOnProductDetails -->
        <test-method is-config="true" signature="tearDown()[pri:0, instance:tests.ProductTest@3de8f619]" started-at="2025-09-07T22:10:38 IST" name="tearDown" finished-at="2025-09-07T22:10:39 IST" duration-ms="165" status="PASS">
          <reporter-output>
          </reporter-output>
        </test-method> <!-- tearDown -->
      </class> <!-- tests.ProductTest -->
      <class name="tests.NegativeTest">
        <test-method is-config="true" signature="setup()[pri:0, instance:tests.NegativeTest@475c9c31]" started-at="2025-09-07T22:10:25 IST" name="setup" finished-at="2025-09-07T22:10:26 IST" duration-ms="1710" status="PASS">
          <reporter-output>
          </reporter-output>
        </test-method> <!-- setup -->
        <test-method signature="testCheckoutWithEmptyCart()[pri:0, instance:tests.NegativeTest@475c9c31]" started-at="2025-09-07T22:10:26 IST" name="testCheckoutWithEmptyCart" finished-at="2025-09-07T22:10:27 IST" duration-ms="269" status="PASS">
          <reporter-output>
          </reporter-output>
        </test-method> <!-- testCheckoutWithEmptyCart -->
        <test-method is-config="true" signature="teardown()[pri:0, instance:tests.NegativeTest@475c9c31]" started-at="2025-09-07T22:10:27 IST" name="teardown" finished-at="2025-09-07T22:10:27 IST" duration-ms="416" status="PASS">
          <reporter-output>
          </reporter-output>
        </test-method> <!-- teardown -->
      </class> <!-- tests.NegativeTest -->
      <class name="tests.CheckoutTest">
        <test-method is-config="true" signature="setup()[pri:0, instance:tests.CheckoutTest@126253fd]" started-at="2025-09-07T22:10:30 IST" name="setup" finished-at="2025-09-07T22:10:31 IST" duration-ms="1248" status="PASS">
          <reporter-output>
          </reporter-output>
        </test-method> <!-- setup -->
        <test-method signature="testNavigateToCheckoutPage()[pri:1, instance:tests.CheckoutTest@126253fd]" started-at="2025-09-07T22:10:31 IST" name="testNavigateToCheckoutPage" finished-at="2025-09-07T22:10:32 IST" duration-ms="564" status="PASS">
          <reporter-output>
          </reporter-output>
        </test-method> <!-- testNavigateToCheckoutPage -->
        <test-method signature="testCheckoutWithValidInformation()[pri:2, instance:tests.CheckoutTest@126253fd]" started-at="2025-09-07T22:10:34 IST" name="testCheckoutWithValidInformation" finished-at="2025-09-07T22:10:34 IST" duration-ms="538" status="PASS">
          <reporter-output>
          </reporter-output>
        </test-method> <!-- testCheckoutWithValidInformation -->
        <test-method is-config="true" signature="teardown()[pri:0, instance:tests.CheckoutTest@126253fd]" started-at="2025-09-07T22:10:34 IST" name="teardown" finished-at="2025-09-07T22:10:35 IST" duration-ms="13" status="PASS">
          <reporter-output>
          </reporter-output>
        </test-method> <!-- teardown -->
      </class> <!-- tests.CheckoutTest -->
    </test> <!-- LoginTests_Chrome -->
  </suite> <!-- SwagLabs Automation Suite -->
</testng-results>
