<?xml version="1.0" encoding="UTF-8"?>
<testng-results ignored="0" total="1" passed="1" failed="0" skipped="0">
  <reporter-output>
  </reporter-output>
  <suite started-at="2025-09-07T14:19:35 IST" name="SwagLabs Automation Suite" finished-at="2025-09-07T14:19:40 IST" duration-ms="5438">
    <groups>
    </groups>
    <test started-at="2025-09-07T14:19:35 IST" name="LoginTests_Chrome" finished-at="2025-09-07T14:19:40 IST" duration-ms="5438">
      <class name="tests.IntegrationTest">
        <test-method is-config="true" signature="setupReport()[pri:0, instance:tests.IntegrationTest@4b8d604b]" started-at="2025-09-07T14:19:35 IST" name="setupReport" finished-at="2025-09-07T14:19:35 IST" duration-ms="179" status="PASS">
          <reporter-output>
          </reporter-output>
        </test-method> <!-- setupReport -->
        <test-method is-config="true" signature="setup()[pri:0, instance:tests.IntegrationTest@4b8d604b]" started-at="2025-09-07T14:19:35 IST" name="setup" finished-at="2025-09-07T14:19:37 IST" duration-ms="1994" status="PASS">
          <reporter-output>
          </reporter-output>
        </test-method> <!-- setup -->
        <test-method signature="testSauceDemoFlow()[pri:0, instance:tests.IntegrationTest@4b8d604b]" started-at="2025-09-07T14:19:37 IST" name="testSauceDemoFlow" finished-at="2025-09-07T14:19:40 IST" duration-ms="2740" status="PASS">
          <reporter-output>
          </reporter-output>
        </test-method> <!-- testSauceDemoFlow -->
        <test-method is-config="true" signature="tearDown(org.testng.ITestResult)[pri:0, instance:tests.IntegrationTest@4b8d604b]" started-at="2025-09-07T14:19:40 IST" name="tearDown" finished-at="2025-09-07T14:19:40 IST" duration-ms="293" status="PASS">
          <params>
            <param index="0">
              <value>
                <![CDATA[[TestResult name=testSauceDemoFlow status=SUCCESS method=IntegrationTest.testSauceDemoFlow()[pri:0, instance:tests.IntegrationTest@4b8d604b] output={null}]]]>
              </value>
            </param>
          </params>
          <reporter-output>
          </reporter-output>
        </test-method> <!-- tearDown -->
        <test-method is-config="true" signature="flushReport()[pri:0, instance:tests.IntegrationTest@4b8d604b]" started-at="2025-09-07T14:19:40 IST" name="flushReport" finished-at="2025-09-07T14:19:40 IST" duration-ms="203" status="PASS">
          <reporter-output>
          </reporter-output>
        </test-method> <!-- flushReport -->
      </class> <!-- tests.IntegrationTest -->
    </test> <!-- LoginTests_Chrome -->
  </suite> <!-- SwagLabs Automation Suite -->
</testng-results>
